<?xml version="1.0" encoding="UTF-8"?>
<testsuite name="TestSuite" time="72.721" tests="14" errors="0" skipped="0" failures="0">
  <properties>
[...]
</properties>
  <testcase name="verifybuynowbuttonfunctionality" classname="com.midtrans.Testcases.Testcasesformidtran" time="7.233"/>
  <testcase name="verifynametextfield" classname="com.midtrans.Testcases.Testcasesformidtran" time="4.102"/>
  <testcase name="verifyEmailtextfield" classname="com.midtrans.Testcases.Testcasesformidtran" time="2.075"/>
  <testcase name="verifyphonenotextfield" classname="com.midtrans.Testcases.Testcasesformidtran" time="2.073"/>
  <testcase name="verifycitytextfield" classname="com.midtrans.Testcases.Testcasesformidtran" time="2.068"/>
  <testcase name="verifyaddresstextfield" classname="com.midtrans.Testcases.Testcasesformidtran" time="2.062"/>
  <testcase name="verifypostalcodetextfield" classname="com.midtrans.Testcases.Testcasesformidtran" time="2.073"/>
  <testcase name="verifythetextboxiseditable" classname="com.midtrans.Testcases.Testcasesformidtran" time="29.462"/>
  <testcase name="verifycheckoutbuttonfunctionality" classname="com.midtrans.Testcases.Testcasesformidtran" time="4.209"/>
  <testcase name="getproductdetailsonordersummarypage" classname="com.midtrans.Testcases.Testcasesformidtran" time="2.085"/>
  <testcase name="verifythefunctionaliyofcontinuebuttn" classname="com.midtrans.Testcases.Testcasesformidtran" time="5.176"/>
  <testcase name="verifythedifferentpaymentvalueonselectpaymentpage" classname="com.midtrans.Testcases.Testcasesformidtran" time="0.673"/>
  <testcase name="clickoncreditdebitcardoption" classname="com.midtrans.Testcases.Testcasesformidtran" time="0.134"/>
  <testcase name="validateamountafterapplyingcoupon" classname="com.midtrans.Testcases.Testcasesformidtran" time="9.296"/>
</testsuite>