<?xml version="1.0" encoding="UTF-8"?>
<!-- Generated by org.testng.reporters.JUnitXMLReporter -->
<testsuite hostname="Nitu-465-QA" ignored="15" name="Midtranweb test" tests="1" failures="1" timestamp="30 Aug 2021 15:46:30 GMT" time="5.167" errors="0">
  <testcase name="verifybuynowbuttonfunctionality" time="5.082" classname="com.midtrans.Testcases.Testcasesformidtran">
    <failure type="java.lang.NullPointerException">
      <![CDATA[java.lang.NullPointerException
at org.openqa.selenium.support.pagefactory.DefaultElementLocator.findElement(DefaultElementLocator.java:69)
at org.openqa.selenium.support.pagefactory.internal.LocatingElementHandler.invoke(LocatingElementHandler.java:38)
at com.sun.proxy.$Proxy8.click(Unknown Source)
at com.midtrans.pageObject.Homepage.clickonBuynowbutton(Homepage.java:24)
at com.midtrans.Testcases.Testcasesformidtran.verifybuynowbuttonfunctionality(Testcasesformidtran.java:25)
... Removed 28 stack frames]]>
    </failure>
  </testcase> <!-- verifybuynowbuttonfunctionality -->
  <testcase name="verifythedifferentpaymentvalueonselectpaymentpage" time="0.0" classname="com.midtrans.Testcases.Testcasesformidtran">
    <ignored/>
  </testcase> <!-- verifythedifferentpaymentvalueonselectpaymentpage -->
  <testcase name="verifycitytextfield" time="0.0" classname="com.midtrans.Testcases.Testcasesformidtran">
    <ignored/>
  </testcase> <!-- verifycitytextfield -->
  <testcase name="verifythefunctionaliyofcontinuebuttn" time="0.0" classname="com.midtrans.Testcases.Testcasesformidtran">
    <ignored/>
  </testcase> <!-- verifythefunctionaliyofcontinuebuttn -->
  <testcase name="getproductdetailsonordersummarypage" time="0.0" classname="com.midtrans.Testcases.Testcasesformidtran">
    <ignored/>
  </testcase> <!-- getproductdetailsonordersummarypage -->
  <testcase name="verifyEmailtextfield" time="0.0" classname="com.midtrans.Testcases.Testcasesformidtran">
    <ignored/>
  </testcase> <!-- verifyEmailtextfield -->
  <testcase name="verifypostalcodetextfield" time="0.0" classname="com.midtrans.Testcases.Testcasesformidtran">
    <ignored/>
  </testcase> <!-- verifypostalcodetextfield -->
  <testcase name="verifythefuctionalitytoclickonokbuttonwithvalidpassword" time="0.0" classname="com.midtrans.Testcases.Testcasesformidtran">
    <ignored/>
  </testcase> <!-- verifythefuctionalitytoclickonokbuttonwithvalidpassword -->
  <testcase name="verifycheckoutbuttonfunctionality" time="0.0" classname="com.midtrans.Testcases.Testcasesformidtran">
    <ignored/>
  </testcase> <!-- verifycheckoutbuttonfunctionality -->
  <testcase name="verifyaddresstextfield" time="0.0" classname="com.midtrans.Testcases.Testcasesformidtran">
    <ignored/>
  </testcase> <!-- verifyaddresstextfield -->
  <testcase name="clickoncreditdebitcardoption" time="0.0" classname="com.midtrans.Testcases.Testcasesformidtran">
    <ignored/>
  </testcase> <!-- clickoncreditdebitcardoption -->
  <testcase name="verifythedetailsavailableonbankpaymentpageandentercarddetails" time="0.0" classname="com.midtrans.Testcases.Testcasesformidtran">
    <ignored/>
  </testcase> <!-- verifythedetailsavailableonbankpaymentpageandentercarddetails -->
  <testcase name="verifyphonenotextfield" time="0.0" classname="com.midtrans.Testcases.Testcasesformidtran">
    <ignored/>
  </testcase> <!-- verifyphonenotextfield -->
  <testcase name="verifynametextfield" time="0.0" classname="com.midtrans.Testcases.Testcasesformidtran">
    <ignored/>
  </testcase> <!-- verifynametextfield -->
  <testcase name="validateamountafterapplyingcoupon" time="0.0" classname="com.midtrans.Testcases.Testcasesformidtran">
    <ignored/>
  </testcase> <!-- validateamountafterapplyingcoupon -->
  <testcase name="verifythetextboxiseditable" time="0.0" classname="com.midtrans.Testcases.Testcasesformidtran">
    <ignored/>
  </testcase> <!-- verifythetextboxiseditable -->
</testsuite> <!-- Midtranweb test -->
